[2026-02-06T01:40:45.267Z] info: kubernetes.yaml was copied to the config folder
[2026-02-06T01:41:07.015Z] info: docker.yaml was copied to the config folder
[2026-02-06T01:41:07.048Z] info: services.yaml was copied to the config folder
[2026-02-06T01:41:07.049Z] info: bookmarks.yaml was copied to the config folder
[2026-02-06T01:41:07.050Z] info: custom.css was copied to the config folder
[2026-02-06T01:41:07.051Z] info: custom.js was copied to the config folder
[2026-02-06T01:41:07.106Z] info: proxmox.yaml was copied to the config folder
[2026-02-06T02:10:24.461Z] info: docker.yaml was copied to the config folder
[2026-02-06T02:41:51.108Z] error: <service-helpers> Error getting services from Docker server 'mydocker': [Error: connect ENOENT /var/run/docker.sock] {
  errno: -2,
  code: 'ENOENT',
  syscall: 'connect',
  address: '/var/run/docker.sock'
}
[2026-02-06T02:41:51.254Z] error: <service-helpers> Error getting services from Docker server 'mydocker': [Error: connect ENOENT /var/run/docker.sock] {
  errno: -2,
  code: 'ENOENT',
  syscall: 'connect',
  address: '/var/run/docker.sock'
}
[2026-02-06T02:41:51.580Z] error: <service-helpers> Error getting services from Docker server 'mydocker': [Error: connect ENOENT /var/run/docker.sock] {
  errno: -2,
  code: 'ENOENT',
  syscall: 'connect',
  address: '/var/run/docker.sock'
}
[2026-02-06T02:42:08.750Z] error: <service-helpers> Error getting services from Docker server 'mydocker': [Error: connect ENOENT /var/run/docker.sock] {
  errno: -2,
  code: 'ENOENT',
  syscall: 'connect',
  address: '/var/run/docker.sock'
}
[2026-02-06T02:44:48.337Z] error: <service-helpers> Error getting services from Docker server 'mydocker': [Error: connect ENOENT /var/run/docker.sock] {
  errno: -2,
  code: 'ENOENT',
  syscall: 'connect',
  address: '/var/run/docker.sock'
}
[2026-02-06T02:45:59.932Z] error: <service-helpers> Error getting services from Docker server 'mydocker': [Error: connect ENOENT /var/run/docker.sock] {
  errno: -2,
  code: 'ENOENT',
  syscall: 'connect',
  address: '/var/run/docker.sock'
}
[2026-02-06T02:52:52.125Z] error: Failed to discover services, please check docker.yaml for errors or remove example entries.
[2026-02-06T02:52:52.126Z] error: YAMLException: duplicated mapping key (3:1)

 1 | mydocker:
 2 |   socket: /var/run/docker.sock
 3 | mydocker:
-----^
 4 |   host: dockerproxy
 5 |   port: 2375
[2026-02-06T02:52:52.267Z] error: Failed to discover services, please check docker.yaml for errors or remove example entries.
[2026-02-06T02:52:52.267Z] error: YAMLException: duplicated mapping key (3:1)

 1 | mydocker:
 2 |   socket: /var/run/docker.sock
 3 | mydocker:
-----^
 4 |   host: dockerproxy
 5 |   port: 2375
[2026-02-06T02:52:52.574Z] error: Failed to discover services, please check docker.yaml for errors or remove example entries.
[2026-02-06T02:52:52.575Z] error: YAMLException: duplicated mapping key (3:1)

 1 | mydocker:
 2 |   socket: /var/run/docker.sock
 3 | mydocker:
-----^
 4 |   host: dockerproxy
 5 |   port: 2375
[2026-02-06T02:52:57.569Z] error: <httpProxy> Error calling https://api.github.com/repos/gethomepage/homepage/releases...
[2026-02-06T02:52:57.575Z] error: <httpProxy> [
  500,
  [Error: getaddrinfo EAI_AGAIN api.github.com] {
    errno: -3001,
    code: 'EAI_AGAIN',
    syscall: 'getaddrinfo',
    hostname: 'api.github.com'
  }
]
[2026-02-06T02:54:08.194Z] error: <service-helpers> Error getting services from Docker server 'mydocker': [Error: connect ENOENT /var/run/docker.sock] {
  errno: -2,
  code: 'ENOENT',
  syscall: 'connect',
  address: '/var/run/docker.sock'
}
[2026-02-06T02:54:08.455Z] error: <service-helpers> Error getting services from Docker server 'mydocker': [Error: connect ENOENT /var/run/docker.sock] {
  errno: -2,
  code: 'ENOENT',
  syscall: 'connect',
  address: '/var/run/docker.sock'
}
[2026-02-06T02:54:28.225Z] error: <service-helpers> Error getting services from Docker server 'mydocker': [Error: connect ENOENT /var/run/docker.sock] {
  errno: -2,
  code: 'ENOENT',
  syscall: 'connect',
  address: '/var/run/docker.sock'
}
[2026-02-06T14:53:47.465Z] info: kubernetes.yaml was copied to the config folder
[2026-02-06T14:54:10.027Z] info: bookmarks.yaml was copied to the config folder
[2026-02-06T14:54:10.028Z] info: custom.css was copied to the config folder
[2026-02-06T14:54:10.029Z] info: custom.js was copied to the config folder
[2026-02-06T14:54:10.063Z] info: proxmox.yaml was copied to the config folder
[2026-02-06T14:54:10.292Z] error: <service-helpers> Error getting services from Docker server 'mydocker': [Error: connect ENOENT /var/run/docker.sock] {
  errno: -2,
  code: 'ENOENT',
  syscall: 'connect',
  address: '/var/run/docker.sock'
}
[2026-02-06T14:54:10.296Z] error: <service-helpers> Error getting services from Docker server 'mydocker': [Error: connect ENOENT /var/run/docker.sock] {
  errno: -2,
  code: 'ENOENT',
  syscall: 'connect',
  address: '/var/run/docker.sock'
}
[2026-02-06T14:54:10.598Z] error: <service-helpers> Error getting services from Docker server 'mydocker': [Error: connect ENOENT /var/run/docker.sock] {
  errno: -2,
  code: 'ENOENT',
  syscall: 'connect',
  address: '/var/run/docker.sock'
}
[2026-02-06T14:54:17.230Z] error: <service-helpers> Error getting services from Docker server 'mydocker': [Error: connect ENOENT /var/run/docker.sock] {
  errno: -2,
  code: 'ENOENT',
  syscall: 'connect',
  address: '/var/run/docker.sock'
}
[2026-02-06T14:54:25.796Z] error: <service-helpers> Error getting services from Docker server 'mydocker': [Error: connect ENOENT /var/run/docker.sock] {
  errno: -2,
  code: 'ENOENT',
  syscall: 'connect',
  address: '/var/run/docker.sock'
}
[2026-02-06T14:54:33.173Z] error: <service-helpers> Error getting services from Docker server 'mydocker': [Error: connect ENOENT /var/run/docker.sock] {
  errno: -2,
  code: 'ENOENT',
  syscall: 'connect',
  address: '/var/run/docker.sock'
}
[2026-02-06T14:54:39.046Z] error: <service-helpers> Error getting services from Docker server 'mydocker': [Error: connect ENOENT /var/run/docker.sock] {
  errno: -2,
  code: 'ENOENT',
  syscall: 'connect',
  address: '/var/run/docker.sock'
}
[2026-02-06T14:58:39.263Z] error: <service-helpers> Error getting services from Docker server 'mydocker': [Error: connect ENOENT /var/run/docker.sock] {
  errno: -2,
  code: 'ENOENT',
  syscall: 'connect',
  address: '/var/run/docker.sock'
}
[2026-02-06T14:58:39.415Z] error: <service-helpers> Error getting services from Docker server 'mydocker': [Error: connect ENOENT /var/run/docker.sock] {
  errno: -2,
  code: 'ENOENT',
  syscall: 'connect',
  address: '/var/run/docker.sock'
}
[2026-02-06T14:58:39.717Z] error: <service-helpers> Error getting services from Docker server 'mydocker': [Error: connect ENOENT /var/run/docker.sock] {
  errno: -2,
  code: 'ENOENT',
  syscall: 'connect',
  address: '/var/run/docker.sock'
}
[2026-02-06T14:59:07.656Z] error: <service-helpers> Error getting services from Docker server 'mydocker': [Error: connect ENOENT /var/run/docker.sock] {
  errno: -2,
  code: 'ENOENT',
  syscall: 'connect',
  address: '/var/run/docker.sock'
}
[2026-02-06T15:01:07.057Z] error: <service-helpers> Error getting services from Docker server 'mydocker': [Error: connect ENOENT /var/run/docker.sock] {
  errno: -2,
  code: 'ENOENT',
  syscall: 'connect',
  address: '/var/run/docker.sock'
}
[2026-02-06T15:01:53.376Z] error: <service-helpers> Error getting services from Docker server 'mydocker': [Error: connect ENOENT /var/run/docker.sock] {
  errno: -2,
  code: 'ENOENT',
  syscall: 'connect',
  address: '/var/run/docker.sock'
}
[2026-02-06T15:01:55.073Z] error: <service-helpers> Error getting services from Docker server 'mydocker': [Error: connect ENOENT /var/run/docker.sock] {
  errno: -2,
  code: 'ENOENT',
  syscall: 'connect',
  address: '/var/run/docker.sock'
}
[2026-02-06T15:04:09.877Z] error: <service-helpers> Error getting services from Docker server 'mydocker': [Error: connect ENOENT /var/run/docker.sock] {
  errno: -2,
  code: 'ENOENT',
  syscall: 'connect',
  address: '/var/run/docker.sock'
}
[2026-02-06T15:04:11.315Z] error: <service-helpers> Error getting services from Docker server 'mydocker': [Error: connect ENOENT /var/run/docker.sock] {
  errno: -2,
  code: 'ENOENT',
  syscall: 'connect',
  address: '/var/run/docker.sock'
}
[2026-02-06T15:08:35.976Z] info: docker.yaml was copied to the config folder
[2026-02-06T15:25:51.838Z] info: docker.yaml was copied to the config folder
