[2026-02-06T01:34:32.479Z] info: kubernetes.yaml was copied to the config folder
[2026-02-06T01:34:54.532Z] info: docker.yaml was copied to the config folder
[2026-02-06T01:34:54.534Z] info: bookmarks.yaml was copied to the config folder
[2026-02-06T01:34:54.535Z] info: custom.css was copied to the config folder
[2026-02-06T01:34:54.535Z] info: custom.js was copied to the config folder
[2026-02-06T01:34:54.585Z] info: proxmox.yaml was copied to the config folder
[2026-02-06T01:34:54.811Z] error: <httpProxy> Error calling http://glances:61208/api/4/cpu...
[2026-02-06T01:34:54.815Z] error: <httpProxy> [
  500,
  [Error: queryAaaa ENOTFOUND glances] {
    errno: undefined,
    code: 'ENOTFOUND',
    syscall: 'queryAaaa',
    hostname: 'glances'
  }
]
[2026-02-06T01:34:54.815Z] error: <glances> HTTP 500 getting data from glances API. Data: [object Object]
[2026-02-06T01:34:55.092Z] error: <httpProxy> Error calling http://glances:61208/api/4/cpu...
[2026-02-06T01:34:55.093Z] error: <httpProxy> [
  500,
  [Error: queryAaaa ENOTFOUND glances] {
    errno: undefined,
    code: 'ENOTFOUND',
    syscall: 'queryAaaa',
    hostname: 'glances'
  }
]
[2026-02-06T01:34:55.094Z] error: <glances> HTTP 500 getting data from glances API. Data: [object Object]
[2026-02-06T01:34:55.109Z] error: <httpProxy> Error calling http://glances:61208/api/4/cpu...
[2026-02-06T01:34:55.110Z] error: <httpProxy> [
  500,
  [Error: queryAaaa ENOTFOUND glances] {
    errno: undefined,
    code: 'ENOTFOUND',
    syscall: 'queryAaaa',
    hostname: 'glances'
  }
]
[2026-02-06T01:34:55.110Z] error: <glances> HTTP 500 getting data from glances API. Data: [object Object]
[2026-02-06T01:35:00.233Z] error: <httpProxy> Error calling http://glances:61208/api/4/cpu...
[2026-02-06T01:35:00.233Z] error: <httpProxy> [
  500,
  [Error: queryAaaa ENOTFOUND glances] {
    errno: undefined,
    code: 'ENOTFOUND',
    syscall: 'queryAaaa',
    hostname: 'glances'
  }
]
[2026-02-06T01:35:00.233Z] error: <glances> HTTP 500 getting data from glances API. Data: [object Object]
[2026-02-06T01:35:03.259Z] error: <httpProxy> Error calling http://glances:61208/api/4/cpu...
[2026-02-06T01:35:03.260Z] error: <httpProxy> [
  500,
  [Error: queryAaaa ENOTFOUND glances] {
    errno: undefined,
    code: 'ENOTFOUND',
    syscall: 'queryAaaa',
    hostname: 'glances'
  }
]
[2026-02-06T01:35:03.260Z] error: <glances> HTTP 500 getting data from glances API. Data: [object Object]
[2026-02-06T01:35:06.287Z] error: <httpProxy> Error calling http://glances:61208/api/4/cpu...
[2026-02-06T01:35:06.288Z] error: <httpProxy> [
  500,
  [Error: queryAaaa ENOTFOUND glances] {
    errno: undefined,
    code: 'ENOTFOUND',
    syscall: 'queryAaaa',
    hostname: 'glances'
  }
]
[2026-02-06T01:35:06.288Z] error: <glances> HTTP 500 getting data from glances API. Data: [object Object]
[2026-02-06T01:35:10.257Z] error: <httpProxy> Error calling http://glances:61208/api/4/cpu...
[2026-02-06T01:35:10.258Z] error: <httpProxy> [
  500,
  [Error: queryAaaa ENOTFOUND glances] {
    errno: undefined,
    code: 'ENOTFOUND',
    syscall: 'queryAaaa',
    hostname: 'glances'
  }
]
[2026-02-06T01:35:10.258Z] error: <glances> HTTP 500 getting data from glances API. Data: [object Object]
